0 info it worked if it ends with ok
1 verbose cli [ '/usr/local/bin/node', '/usr/local/bin/npm', 'publish' ]
2 info using npm@1.4.28
3 info using node@v0.10.33
4 verbose publish [ '.' ]
5 verbose cache add [ '.', null ]
6 verbose cache add name=undefined spec="." args=[".",null]
7 verbose parsed url { protocol: null,
7 verbose parsed url   slashes: null,
7 verbose parsed url   auth: null,
7 verbose parsed url   host: null,
7 verbose parsed url   port: null,
7 verbose parsed url   hostname: null,
7 verbose parsed url   hash: null,
7 verbose parsed url   search: null,
7 verbose parsed url   query: null,
7 verbose parsed url   pathname: '.',
7 verbose parsed url   path: '.',
7 verbose parsed url   href: '.' }
8 silly lockFile 3a52ce78- .
9 verbose lock . /home/jose/.npm/3a52ce78-.lock
10 verbose tar pack [ '/home/jose/.npm/ep_comments_page/0.0.11/package.tgz', '.' ]
11 verbose tarball /home/jose/.npm/ep_comments_page/0.0.11/package.tgz
12 verbose folder .
13 info prepublish ep_comments_page@0.0.11
14 silly lockFile 1f1177db-tar tar://.
15 verbose lock tar://. /home/jose/.npm/1f1177db-tar.lock
16 silly lockFile 78127ab2-comments-page-0-0-11-package-tgz tar:///home/jose/.npm/ep_comments_page/0.0.11/package.tgz
17 verbose lock tar:///home/jose/.npm/ep_comments_page/0.0.11/package.tgz /home/jose/.npm/78127ab2-comments-page-0-0-11-package-tgz.lock
18 silly lockFile 1f1177db-tar tar://.
19 silly lockFile 1f1177db-tar tar://.
20 silly lockFile 78127ab2-comments-page-0-0-11-package-tgz tar:///home/jose/.npm/ep_comments_page/0.0.11/package.tgz
21 silly lockFile 78127ab2-comments-page-0-0-11-package-tgz tar:///home/jose/.npm/ep_comments_page/0.0.11/package.tgz
22 silly lockFile 97c27fa4--ep-comments-page-0-0-11-package /home/jose/.npm/ep_comments_page/0.0.11/package
23 verbose lock /home/jose/.npm/ep_comments_page/0.0.11/package /home/jose/.npm/97c27fa4--ep-comments-page-0-0-11-package.lock
24 silly lockFile 97c27fa4--ep-comments-page-0-0-11-package /home/jose/.npm/ep_comments_page/0.0.11/package
25 silly lockFile 97c27fa4--ep-comments-page-0-0-11-package /home/jose/.npm/ep_comments_page/0.0.11/package
26 silly lockFile 3a52ce78- .
27 silly lockFile 3a52ce78- .
28 silly publish { description: 'Adds comments on sidebar and link it to the text.  Support for Page View, requires ep_page_view',
28 silly publish   name: 'ep_comments_page',
28 silly publish   version: '0.0.11',
28 silly publish   author: { name: 'Nicolas Lescop', email: 'limplementeur@gmail.com' },
28 silly publish   contributors:
28 silly publish    [ { name: 'Nicolas Lescop', email: 'limplementeur@gmail.com' },
28 silly publish      { name: 'John McLear', email: 'john@mclear.co.uk' } ],
28 silly publish   dependencies: {},
28 silly publish   engines: { node: '*' },
28 silly publish   repository:
28 silly publish    { type: 'git',
28 silly publish      url: 'https://github.com/JohnMcLear/ep_comments' },
28 silly publish   readme: '# Comments and annotations for Etherpad\n\n![Screen shot](http://i.imgur.com/sbiJ4xz.png)\n\n## Installing this plugin with git.\n``git clone https://github.com/JohnMcLear/ep_comments.git node_modules/ep_comments_page``\n\n## License\nApache 2\n',
28 silly publish   readmeFilename: 'README.md',
28 silly publish   gitHead: 'daadbeba81fdf91119e1ceabe18239eea2d5c0f7',
28 silly publish   bugs: { url: 'https://github.com/JohnMcLear/ep_comments/issues' },
28 silly publish   homepage: 'https://github.com/JohnMcLear/ep_comments',
28 silly publish   _id: 'ep_comments_page@0.0.11',
28 silly publish   scripts: {},
28 silly publish   _shasum: '0ea6c86676f157d51a4c79014d154bca79ee9643',
28 silly publish   _from: '.' }
29 verbose request where is /ep_comments_page
30 verbose request registry https://registry.npmjs.org/
31 verbose request id 0f7260b2540d6476
32 verbose url raw /ep_comments_page
33 verbose url resolving [ 'https://registry.npmjs.org/', './ep_comments_page' ]
34 verbose url resolved https://registry.npmjs.org/ep_comments_page
35 verbose request where is https://registry.npmjs.org/ep_comments_page
36 info trying registry request attempt 1 at 18:12:15
37 http PUT https://registry.npmjs.org/ep_comments_page
38 http 403 https://registry.npmjs.org/ep_comments_page
39 verbose headers { date: 'Thu, 15 Jan 2015 18:12:16 GMT',
39 verbose headers   server: 'CouchDB/1.5.0 (Erlang OTP/R16B03)',
39 verbose headers   'content-type': 'application/json',
39 verbose headers   'cache-control': 'max-age=60',
39 verbose headers   'content-length': '2771',
39 verbose headers   'accept-ranges': 'bytes',
39 verbose headers   via: '1.1 varnish',
39 verbose headers   'x-served-by': 'cache-fra1233-FRA',
39 verbose headers   'x-cache': 'MISS',
39 verbose headers   'x-cache-hits': '0',
39 verbose headers   'x-timer': 'S1421345535.913413,VS0,VE377',
39 verbose headers   'keep-alive': 'timeout=10, max=50',
39 verbose headers   connection: 'Keep-Alive' }
40 error publish Failed PUT 403
41 error Error: forbidden cannot modify pre-existing version: 0.0.11
41 error old={"description":"Adds comments on sidebar and link it to the text.  Support for Page View, requires ep_page_view","name":"ep_comments_page","version":"0.0.11","author":{"name":"Nicolas Lescop","email":"limplementeur@gmail.com"},"contributors":[{"name":"Nicolas Lescop","email":"limplementeur@gmail.com"},{"name":"John McLear","email":"john@mclear.co.uk"}],"dependencies":{},"engines":{"node":"*"},"repository":{"type":"git","url":"https://github.com/JohnMcLear/ep_comments"},"gitHead":"daadbeba81fdf91119e1ceabe18239eea2d5c0f7","bugs":{"url":"https://github.com/JohnMcLear/ep_comments/issues"},"homepage":"https://github.com/JohnMcLear/ep_comments","_id":"ep_comments_page@0.0.11","scripts":{},"_shasum":"f94e44860c40cadc748363fc6093c173f3c6d3b9","_from":".","_npmVersion":"1.4.28","_npmUser":{"name":"johnyma22","email":"john@mclear.co.uk"},"maintainers":[{"name":"johnyma22","email":"john@mclear.co.uk"}],"dist":{"shasum":"f94e44860c40cadc748363fc6093c173f3c6d3b9","tarball":"http://registry.npmjs.org/ep_comments_page/-/ep_comments_page-0.0.11.tgz"}}
41 error new={"description":"Adds comments on sidebar and link it to the text.  Support for Page View, requires ep_page_view","name":"ep_comments_page","version":"0.0.11","author":{"name":"Nicolas Lescop","email":"limplementeur@gmail.com"},"contributors":[{"name":"Nicolas Lescop","email":"limplementeur@gmail.com"},{"name":"John McLear","email":"john@mclear.co.uk"}],"dependencies":{},"engines":{"node":"*"},"repository":{"type":"git","url":"https://github.com/JohnMcLear/ep_comments"},"readme":"# Comments and annotations for Etherpad\u000a\u000a![Screen shot](http://i.imgur.com/sbiJ4xz.png)\u000a\u000a## Installing this plugin with git.\u000a``git clone https://github.com/JohnMcLear/ep_comments.git node_modules/ep_comments_page``\u000a\u000a## License\u000aApache 2\u000a","readmeFilename":"README.md","gitHead":"daadbeba81fdf91119e1ceabe18239eea2d5c0f7","bugs":{"url":"https://github.com/JohnMcLear/ep_comments/issues"},"homepage":"https://github.com/JohnMcLear/ep_comments","_id":"ep_comments_page@0.0.11","scripts":{},"_shasum":"0ea6c86676f157d51a4c79014d154bca79ee9643","_from":".","_npmVersion":"1.4.28","_npmUser":{"name":"johnyma22","email":"john@mclear.co.uk"},"maintainers":[{"name":"johnyma22","email":"john@mclear.co.uk"}],"dist":{"shasum":"0ea6c86676f157d51a4c79014d154bca79ee9643","tarball":"http://registry.npmjs.org/ep_comments_page/-/ep_comments_page-0.0.11.tgz"}}: ep_comments_page
41 error     at RegClient.<anonymous> (/usr/local/lib/node_modules/npm/node_modules/npm-registry-client/lib/request.js:308:14)
41 error     at Request._callback (/usr/local/lib/node_modules/npm/node_modules/npm-registry-client/lib/request.js:246:65)
41 error     at Request.self.callback (/usr/local/lib/node_modules/npm/node_modules/request/request.js:236:22)
41 error     at Request.emit (events.js:98:17)
41 error     at Request.<anonymous> (/usr/local/lib/node_modules/npm/node_modules/request/request.js:1142:14)
41 error     at Request.emit (events.js:117:20)
41 error     at IncomingMessage.<anonymous> (/usr/local/lib/node_modules/npm/node_modules/request/request.js:1096:12)
41 error     at IncomingMessage.emit (events.js:117:20)
41 error     at _stream_readable.js:943:16
41 error     at process._tickCallback (node.js:419:13)
42 error If you need help, you may report this *entire* log,
42 error including the npm and node versions, at:
42 error     <http://github.com/npm/npm/issues>
43 error System Linux 3.13.0-44-generic
44 error command "/usr/local/bin/node" "/usr/local/bin/npm" "publish"
45 error cwd /home/jose/oldPlugins2/ep_comments_page
46 error node -v v0.10.33
47 error npm -v 1.4.28
48 verbose exit [ 1, true ]
